c:\users\lauri\documents\github\arkanoidciscoxpaceve\holasdl\debug\vc143.pdb
c:\users\lauri\documents\github\arkanoidciscoxpaceve\holasdl\debug\vc143.idb
c:\users\lauri\documents\github\arkanoidciscoxpaceve\holasdl\debug\wall.obj
c:\users\lauri\documents\github\arkanoidciscoxpaceve\holasdl\debug\vector2d.obj
c:\users\lauri\documents\github\arkanoidciscoxpaceve\holasdl\debug\texture.obj
c:\users\lauri\documents\github\arkanoidciscoxpaceve\holasdl\debug\paddle.obj
c:\users\lauri\documents\github\arkanoidciscoxpaceve\holasdl\debug\main.obj
c:\users\lauri\documents\github\arkanoidciscoxpaceve\holasdl\debug\game.obj
c:\users\lauri\documents\github\arkanoidciscoxpaceve\holasdl\debug\blocksmap.obj
c:\users\lauri\documents\github\arkanoidciscoxpaceve\holasdl\debug\block.obj
c:\users\lauri\documents\github\arkanoidciscoxpaceve\holasdl\debug\ball.obj
c:\users\lauri\documents\github\arkanoid2.0ciscoxpaceve\holasdl\debug\vc143.pdb
c:\users\lauri\documents\github\arkanoid2.0ciscoxpaceve\holasdl\debug\vc143.idb
c:\users\lauri\documents\github\arkanoid2.0ciscoxpaceve\holasdl\debug\wall.obj
c:\users\lauri\documents\github\arkanoid2.0ciscoxpaceve\holasdl\debug\vector2d.obj
c:\users\lauri\documents\github\arkanoid2.0ciscoxpaceve\holasdl\debug\texture.obj
c:\users\lauri\documents\github\arkanoid2.0ciscoxpaceve\holasdl\debug\paddle.obj
c:\users\lauri\documents\github\arkanoid2.0ciscoxpaceve\holasdl\debug\main.obj
c:\users\lauri\documents\github\arkanoid2.0ciscoxpaceve\holasdl\debug\game.obj
c:\users\lauri\documents\github\arkanoid2.0ciscoxpaceve\holasdl\debug\blocksmap.obj
c:\users\lauri\documents\github\arkanoid2.0ciscoxpaceve\holasdl\debug\block.obj
c:\users\lauri\documents\github\arkanoid2.0ciscoxpaceve\holasdl\debug\ball.obj
c:\users\lauri\documents\github\arkanoid2.0ciscoxpaceve\holasdl\debug\reward.obj
c:\users\lauri\documents\github\arkanoid2.0ciscoxpaceve\holasdl\debug\gameobject.obj
c:\users\lauri\documents\github\arkanoid2.0ciscoxpaceve\holasdl\debug\movingobject.obj
c:\users\lauri\documents\github\arkanoid2.0ciscoxpaceve\holasdl\debug\arkanoidobject.obj
c:\users\lauri\documents\github\arkanoid2.0ciscoxpaceve\holasdl\debug\lifecomponent.obj
c:\users\lauri\documents\github\arkanoid2.0ciscoxpaceve\holasdl\debug\sdlerror.obj
c:\users\lauri\documents\github\arkanoid2.0ciscoxpaceve\holasdl\debug\filenotfounderror.obj
c:\users\lauri\documents\github\arkanoid2.0ciscoxpaceve\holasdl\debug\fileformaterror.obj
c:\users\lauri\documents\github\arkanoid2.0ciscoxpaceve\holasdl\debug\arkanoiderror.obj
c:\users\lauri\documents\github\arkanoid2.0ciscoxpaceve\holasdl\debug\menu.obj
c:\users\lauri\documents\github\arkanoidciscoxpaceve\bin\holasdldebug.exe
c:\users\lauri\documents\github\arkanoidciscoxpaceve\holasdl\debug\holasdldebug.ilk
c:\users\lauri\documents\github\arkanoidciscoxpaceve\bin\holasdldebug.pdb
c:\users\lauri\documents\github\arkanoid2.0ciscoxpaceve\bin\holasdldebug.exe
c:\users\lauri\documents\github\arkanoid2.0ciscoxpaceve\holasdl\debug\holasdldebug.ilk
c:\users\lauri\documents\github\arkanoid2.0ciscoxpaceve\bin\holasdldebug.pdb
c:\users\franc\onedrive\documents\github\arkanoid2.0ciscoxpaceve\holasdl\debug\arkanoiderror.obj
c:\users\franc\onedrive\documents\github\arkanoid2.0ciscoxpaceve\holasdl\debug\arkanoidobject.obj
c:\users\franc\onedrive\documents\github\arkanoid2.0ciscoxpaceve\holasdl\debug\ball.obj
c:\users\franc\onedrive\documents\github\arkanoid2.0ciscoxpaceve\holasdl\debug\block.obj
c:\users\franc\onedrive\documents\github\arkanoid2.0ciscoxpaceve\holasdl\debug\blocksmap.obj
c:\users\franc\onedrive\documents\github\arkanoid2.0ciscoxpaceve\holasdl\debug\fileformaterror.obj
c:\users\franc\onedrive\documents\github\arkanoid2.0ciscoxpaceve\holasdl\debug\filenotfounderror.obj
c:\users\franc\onedrive\documents\github\arkanoid2.0ciscoxpaceve\holasdl\debug\game.obj
c:\users\franc\onedrive\documents\github\arkanoid2.0ciscoxpaceve\holasdl\debug\gameobject.obj
c:\users\franc\onedrive\documents\github\arkanoid2.0ciscoxpaceve\holasdl\debug\lifecomponent.obj
c:\users\franc\onedrive\documents\github\arkanoid2.0ciscoxpaceve\holasdl\debug\main.obj
c:\users\franc\onedrive\documents\github\arkanoid2.0ciscoxpaceve\holasdl\debug\menu.obj
c:\users\franc\onedrive\documents\github\arkanoid2.0ciscoxpaceve\holasdl\debug\movingobject.obj
c:\users\franc\onedrive\documents\github\arkanoid2.0ciscoxpaceve\holasdl\debug\paddle.obj
c:\users\franc\onedrive\documents\github\arkanoid2.0ciscoxpaceve\holasdl\debug\reward.obj
c:\users\franc\onedrive\documents\github\arkanoid2.0ciscoxpaceve\holasdl\debug\sdlerror.obj
c:\users\franc\onedrive\documents\github\arkanoid2.0ciscoxpaceve\holasdl\debug\texture.obj
c:\users\franc\onedrive\documents\github\arkanoid2.0ciscoxpaceve\holasdl\debug\vector2d.obj
c:\users\franc\onedrive\documents\github\arkanoid2.0ciscoxpaceve\holasdl\debug\wall.obj
c:\users\franc\onedrive\documents\github\arkanoid2.0ciscoxpaceve\holasdl\debug\holasdldebug.ilk
c:\users\franc\onedrive\documents\github\arkanoid2.0ciscoxpaceve\holasdl\debug\vc143.idb
c:\users\franc\onedrive\documents\github\arkanoid2.0ciscoxpaceve\holasdl\debug\vc143.pdb
c:\users\franc\onedrive\documents\github\arkanoid2.0ciscoxpaceve\bin\holasdldebug.pdb
c:\users\franc\onedrive\documents\github\arkanoid2.0ciscoxpaceve\bin\holasdldebug.exe
c:\users\franc\onedrive\documents\github\arkanoid2.0ciscoxpaceve\holasdl\debug\holasdl.tlog\cl.command.1.tlog
c:\users\franc\onedrive\documents\github\arkanoid2.0ciscoxpaceve\holasdl\debug\holasdl.tlog\cl.read.1.tlog
c:\users\franc\onedrive\documents\github\arkanoid2.0ciscoxpaceve\holasdl\debug\holasdl.tlog\cl.write.1.tlog
c:\users\franc\onedrive\documents\github\arkanoid2.0ciscoxpaceve\holasdl\debug\holasdl.tlog\link.command.1.tlog
c:\users\franc\onedrive\documents\github\arkanoid2.0ciscoxpaceve\holasdl\debug\holasdl.tlog\link.read.1.tlog
c:\users\franc\onedrive\documents\github\arkanoid2.0ciscoxpaceve\holasdl\debug\holasdl.tlog\link.write.1.tlog
